<?xml version="1.0" encoding="UTF-8"?>
<!-- Generated by org.testng.reporters.JUnitXMLReporter -->
<testsuite ignored="0" hostname="PE-HO-012" failures="0" tests="5" name="Test" time="37.229" errors="0" timestamp="2022-10-06T10:50:12 COT">
  <testcase classname="run.Run" name="@AfterClass afterClass" time="0.063">
    <failure type="org.openqa.selenium.UnsupportedCommandException" message="The requested resource could not be found, or a request was received using an HTTP method that is not supported by the mapped resource
Build info: version: &amp;apos;3.141.59&amp;apos;, revision: &amp;apos;e82be7d358&amp;apos;, time: &amp;apos;2018-11-14T08:17:03&amp;apos;
System info: host: &amp;apos;PE-HO-012&amp;apos;, ip: &amp;apos;192.168.10.11&amp;apos;, os.name: &amp;apos;Windows 10&amp;apos;, os.arch: &amp;apos;amd64&amp;apos;, os.version: &amp;apos;10.0&amp;apos;, java.version: &amp;apos;19&amp;apos;
Driver info: io.appium.java_client.android.AndroidDriver
Capabilities {appActivity: com.android.calculator2.Cal..., appPackage: com.google.android.calculator, autoGrantPermissions: true, databaseEnabled: false, desired: {appActivity: com.android.calculator2.Cal..., appPackage: com.google.android.calculator, autoGrantPermissions: true, deviceName: ZY323T7B2G, noReset: true, platformName: android, platformVersion: 9}, deviceApiLevel: 28, deviceManufacturer: motorola, deviceModel: moto g(7) power, deviceName: ZY323T7B2G, deviceScreenDensity: 272, deviceScreenSize: 720x1520, deviceUDID: ZY323T7B2G, javascriptEnabled: true, locationContextEnabled: false, networkConnectionEnabled: true, noReset: true, pixelRatio: 1.7, platform: LINUX, platformName: Android, platformVersion: 9, statBarHeight: 45, takesScreenshot: true, viewportRect: {height: 1368, left: 0, top: 45, width: 720}, warnings: {}, webStorageEnabled: false}
Session ID: edc5c942-2ff5-4e31-aa33-6da07ae2639a">
      <![CDATA[org.openqa.selenium.UnsupportedCommandException: The requested resource could not be found, or a request was received using an HTTP method that is not supported by the mapped resource
Build info: version: '3.141.59', revision: 'e82be7d358', time: '2018-11-14T08:17:03'
System info: host: 'PE-HO-012', ip: '192.168.10.11', os.name: 'Windows 10', os.arch: 'amd64', os.version: '10.0', java.version: '19'
Driver info: io.appium.java_client.android.AndroidDriver
Capabilities {appActivity: com.android.calculator2.Cal..., appPackage: com.google.android.calculator, autoGrantPermissions: true, databaseEnabled: false, desired: {appActivity: com.android.calculator2.Cal..., appPackage: com.google.android.calculator, autoGrantPermissions: true, deviceName: ZY323T7B2G, noReset: true, platformName: android, platformVersion: 9}, deviceApiLevel: 28, deviceManufacturer: motorola, deviceModel: moto g(7) power, deviceName: ZY323T7B2G, deviceScreenDensity: 272, deviceScreenSize: 720x1520, deviceUDID: ZY323T7B2G, javascriptEnabled: true, locationContextEnabled: false, networkConnectionEnabled: true, noReset: true, pixelRatio: 1.7, platform: LINUX, platformName: Android, platformVersion: 9, statBarHeight: 45, takesScreenshot: true, viewportRect: {height: 1368, left: 0, top: 45, width: 720}, warnings: {}, webStorageEnabled: false}
Session ID: edc5c942-2ff5-4e31-aa33-6da07ae2639a
at org.openqa.selenium.remote.http.W3CHttpResponseCodec.createException(W3CHttpResponseCodec.java:187)
at org.openqa.selenium.remote.http.W3CHttpResponseCodec.decode(W3CHttpResponseCodec.java:122)
at org.openqa.selenium.remote.http.W3CHttpResponseCodec.decode(W3CHttpResponseCodec.java:49)
at org.openqa.selenium.remote.HttpCommandExecutor.execute(HttpCommandExecutor.java:158)
at io.appium.java_client.remote.AppiumCommandExecutor.execute(AppiumCommandExecutor.java:250)
at org.openqa.selenium.remote.RemoteWebDriver.execute(RemoteWebDriver.java:552)
at io.appium.java_client.DefaultGenericMobileDriver.execute(DefaultGenericMobileDriver.java:45)
at io.appium.java_client.AppiumDriver.execute(AppiumDriver.java:1)
at io.appium.java_client.android.AndroidDriver.execute(AndroidDriver.java:1)
at org.openqa.selenium.remote.RemoteWebDriver.close(RemoteWebDriver.java:442)
at run.Run.afterClass(Run.java:333)
at java.base/java.util.ArrayList.forEach(ArrayList.java:1511)
... Removed 26 stack frames]]>
    </failure>
  </testcase> <!-- @AfterClass afterClass -->
  <testcase classname="run.Run" name="calculadora" time="36.421"/>
  <testcase classname="run.Run" name="seleccionarPrimerProducto" time="0.004"/>
  <testcase classname="run.Run" name="crearCuenta" time="0.004"/>
  <testcase classname="run.Run" name="alertTools" time="0.004"/>
  <testcase classname="run.Run" name="dateTools" time="0.005"/>
</testsuite> <!-- Test -->
